{"numTotalTestSuites":3,"numPassedTestSuites":0,"numFailedTestSuites":3,"numPendingTestSuites":0,"numTotalTests":0,"numPassedTests":0,"numFailedTests":0,"numPendingTests":0,"numTodoTests":0,"snapshot":{"added":0,"failure":false,"filesAdded":0,"filesRemoved":0,"filesRemovedList":[],"filesUnmatched":0,"filesUpdated":0,"matched":0,"total":0,"unchecked":0,"uncheckedKeysByFile":[],"unmatched":0,"updated":0,"didUpdate":false},"startTime":1775472588496,"success":false,"testResults":[{"assertionResults":[],"startTime":1775472588496,"endTime":1775472588496,"status":"failed","message":"Cannot read properties of undefined (reading 'config')","name":"e:/writing-system/web/src/pages/ProjectAssetsPage.test.tsx"},{"assertionResults":[],"startTime":1775472588496,"endTime":1775472588496,"status":"failed","message":"Vitest failed to find the current suite. One of the following is possible:\n- \"vitest\" is imported directly without running \"vitest\" command\n- \"vitest\" is imported inside \"globalSetup\" (to fix this, use \"setupFiles\" instead, because \"globalSetup\" runs in a different context)\n- \"vitest\" is imported inside Vite / Vitest config file\n- Otherwise, it might be a Vitest bug. Please report it to https://github.com/vitest-dev/vitest/issues\n","name":"e:/writing-system/web/src/components/layout/AppLayout.test.tsx"},{"assertionResults":[],"startTime":1775472588496,"endTime":1775472588496,"status":"failed","message":"Vitest failed to find the current suite. One of the following is possible:\n- \"vitest\" is imported directly without running \"vitest\" command\n- \"vitest\" is imported inside \"globalSetup\" (to fix this, use \"setupFiles\" instead, because \"globalSetup\" runs in a different context)\n- \"vitest\" is imported inside Vite / Vitest config file\n- Otherwise, it might be a Vitest bug. Please report it to https://github.com/vitest-dev/vitest/issues\n","name":"e:/writing-system/web/src/components/shell/LeftRailShadcn.test.tsx"}]}